{"G:\\CODE\\PYTHON\\d3\\backend\\src\\index.ts": {"path":"G:\\CODE\\PYTHON\\d3\\backend\\src\\index.ts","statementMap":{"0":{"start":{"line":1,"column":0},"end":{"line":1,"column":66}},"1":{"start":{"line":2,"column":0},"end":{"line":2,"column":28}},"2":{"start":{"line":3,"column":0},"end":{"line":3,"column":24}},"3":{"start":{"line":4,"column":0},"end":{"line":4,"column":28}},"4":{"start":{"line":5,"column":0},"end":{"line":5,"column":38}},"5":{"start":{"line":6,"column":0},"end":{"line":6,"column":36}},"6":{"start":{"line":7,"column":0},"end":{"line":7,"column":59}},"7":{"start":{"line":8,"column":0},"end":{"line":8,"column":74}},"8":{"start":{"line":11,"column":0},"end":{"line":11,"column":16}},"9":{"start":{"line":13,"column":25},"end":{"line":13,"column":34}},"10":{"start":{"line":14,"column":13},"end":{"line":14,"column":37}},"11":{"start":{"line":17,"column":0},"end":{"line":17,"column":26}},"12":{"start":{"line":20,"column":0},"end":{"line":30,"column":4}},"13":{"start":{"line":33,"column":0},"end":{"line":38,"column":4}},"14":{"start":{"line":41,"column":0},"end":{"line":50,"column":4}},"15":{"start":{"line":45,"column":4},"end":{"line":47,"column":5}},"16":{"start":{"line":46,"column":6},"end":{"line":46,"column":19}},"17":{"start":{"line":48,"column":4},"end":{"line":48,"column":40}},"18":{"start":{"line":53,"column":0},"end":{"line":53,"column":41}},"19":{"start":{"line":54,"column":0},"end":{"line":54,"column":63}},"20":{"start":{"line":57,"column":0},"end":{"line":57,"column":23}},"21":{"start":{"line":60,"column":0},"end":{"line":70,"column":3}},"22":{"start":{"line":61,"column":2},"end":{"line":69,"column":5}},"23":{"start":{"line":73,"column":0},"end":{"line":83,"column":3}},"24":{"start":{"line":74,"column":2},"end":{"line":82,"column":5}},"25":{"start":{"line":91,"column":0},"end":{"line":91,"column":25}},"26":{"start":{"line":94,"column":0},"end":{"line":94,"column":22}},"27":{"start":{"line":97,"column":25},"end":{"line":101,"column":1}},"28":{"start":{"line":98,"column":2},"end":{"line":98,"column":72}},"29":{"start":{"line":100,"column":2},"end":{"line":100,"column":18}},"30":{"start":{"line":103,"column":0},"end":{"line":103,"column":40}},"31":{"start":{"line":104,"column":0},"end":{"line":104,"column":39}},"32":{"start":{"line":107,"column":15},"end":{"line":112,"column":2}},"33":{"start":{"line":108,"column":2},"end":{"line":108,"column":54}},"34":{"start":{"line":109,"column":2},"end":{"line":109,"column":74}},"35":{"start":{"line":110,"column":2},"end":{"line":110,"column":66}},"36":{"start":{"line":111,"column":2},"end":{"line":111,"column":63}},"37":{"start":{"line":115,"column":0},"end":{"line":121,"column":3}},"38":{"start":{"line":116,"column":2},"end":{"line":116,"column":55}},"39":{"start":{"line":118,"column":2},"end":{"line":120,"column":5}},"40":{"start":{"line":119,"column":4},"end":{"line":119,"column":20}},"41":{"start":{"line":124,"column":0},"end":{"line":130,"column":3}},"42":{"start":{"line":125,"column":2},"end":{"line":125,"column":45}},"43":{"start":{"line":127,"column":2},"end":{"line":129,"column":5}},"44":{"start":{"line":128,"column":4},"end":{"line":128,"column":20}},"45":{"start":{"line":132,"column":0},"end":{"line":132,"column":19}}},"fnMap":{"0":{"name":"(anonymous_1)","decl":{"start":{"line":44,"column":10},"end":{"line":44,"column":11}},"loc":{"start":{"line":44,"column":23},"end":{"line":49,"column":3}}},"1":{"name":"(anonymous_2)","decl":{"start":{"line":60,"column":19},"end":{"line":60,"column":20}},"loc":{"start":{"line":60,"column":52},"end":{"line":70,"column":1}}},"2":{"name":"(anonymous_3)","decl":{"start":{"line":73,"column":13},"end":{"line":73,"column":14}},"loc":{"start":{"line":73,"column":46},"end":{"line":83,"column":1}}},"3":{"name":"(anonymous_4)","decl":{"start":{"line":97,"column":25},"end":{"line":97,"column":28}},"loc":{"start":{"line":97,"column":30},"end":{"line":101,"column":1}}},"4":{"name":"(anonymous_5)","decl":{"start":{"line":107,"column":32},"end":{"line":107,"column":35}},"loc":{"start":{"line":107,"column":37},"end":{"line":112,"column":1}}},"5":{"name":"(anonymous_6)","decl":{"start":{"line":115,"column":33},"end":{"line":115,"column":34}},"loc":{"start":{"line":115,"column":51},"end":{"line":121,"column":1}}},"6":{"name":"(anonymous_7)","decl":{"start":{"line":118,"column":15},"end":{"line":118,"column":18}},"loc":{"start":{"line":118,"column":20},"end":{"line":120,"column":3}}},"7":{"name":"(anonymous_8)","decl":{"start":{"line":124,"column":32},"end":{"line":124,"column":33}},"loc":{"start":{"line":124,"column":49},"end":{"line":130,"column":1}}},"8":{"name":"(anonymous_9)","decl":{"start":{"line":127,"column":15},"end":{"line":127,"column":18}},"loc":{"start":{"line":127,"column":20},"end":{"line":129,"column":3}}}},"branchMap":{"0":{"loc":{"start":{"line":14,"column":13},"end":{"line":14,"column":37}},"type":"binary-expr","locations":[{"start":{"line":14,"column":13},"end":{"line":14,"column":29}},{"start":{"line":14,"column":33},"end":{"line":14,"column":37}}]},"1":{"loc":{"start":{"line":34,"column":10},"end":{"line":34,"column":60}},"type":"binary-expr","locations":[{"start":{"line":34,"column":10},"end":{"line":34,"column":33}},{"start":{"line":34,"column":37},"end":{"line":34,"column":60}}]},"2":{"loc":{"start":{"line":45,"column":4},"end":{"line":47,"column":5}},"type":"if","locations":[{"start":{"line":45,"column":4},"end":{"line":47,"column":5}}]},"3":{"loc":{"start":{"line":67,"column":19},"end":{"line":67,"column":56}},"type":"binary-expr","locations":[{"start":{"line":67,"column":19},"end":{"line":67,"column":39}},{"start":{"line":67,"column":43},"end":{"line":67,"column":56}}]},"4":{"loc":{"start":{"line":109,"column":33},"end":{"line":109,"column":70}},"type":"binary-expr","locations":[{"start":{"line":109,"column":33},"end":{"line":109,"column":53}},{"start":{"line":109,"column":57},"end":{"line":109,"column":70}}]}},"s":{"0":0,"1":0,"2":0,"3":0,"4":0,"5":0,"6":0,"7":0,"8":0,"9":0,"10":0,"11":0,"12":0,"13":0,"14":0,"15":0,"16":0,"17":0,"18":0,"19":0,"20":0,"21":0,"22":0,"23":0,"24":0,"25":0,"26":0,"27":0,"28":0,"29":0,"30":0,"31":0,"32":0,"33":0,"34":0,"35":0,"36":0,"37":0,"38":0,"39":0,"40":0,"41":0,"42":0,"43":0,"44":0,"45":0},"f":{"0":0,"1":0,"2":0,"3":0,"4":0,"5":0,"6":0,"7":0,"8":0},"b":{"0":[0,0],"1":[0,0],"2":[0],"3":[0,0],"4":[0,0]}}
,"G:\\CODE\\PYTHON\\d3\\backend\\src\\middleware\\auth.ts": {"path":"G:\\CODE\\PYTHON\\d3\\backend\\src\\middleware\\auth.ts","statementMap":{"0":{"start":{"line":23,"column":0},"end":{"line":23,"column":16}},"1":{"start":{"line":51,"column":0},"end":{"line":51,"column":16}},"2":{"start":{"line":78,"column":0},"end":{"line":78,"column":16}},"3":{"start":{"line":108,"column":0},"end":{"line":108,"column":16}},"4":{"start":{"line":121,"column":0},"end":{"line":121,"column":16}},"5":{"start":{"line":2,"column":0},"end":{"line":2,"column":42}},"6":{"start":{"line":3,"column":0},"end":{"line":3,"column":81}},"7":{"start":{"line":24,"column":2},"end":{"line":41,"column":3}},"8":{"start":{"line":26,"column":18},"end":{"line":26,"column":67}},"9":{"start":{"line":28,"column":4},"end":{"line":30,"column":5}},"10":{"start":{"line":29,"column":6},"end":{"line":29,"column":60}},"11":{"start":{"line":33,"column":20},"end":{"line":33,"column":38}},"12":{"start":{"line":36,"column":4},"end":{"line":36,"column":23}},"13":{"start":{"line":38,"column":4},"end":{"line":38,"column":11}},"14":{"start":{"line":40,"column":4},"end":{"line":40,"column":16}},"15":{"start":{"line":52,"column":2},"end":{"line":65,"column":3}},"16":{"start":{"line":53,"column":18},"end":{"line":53,"column":67}},"17":{"start":{"line":55,"column":4},"end":{"line":58,"column":5}},"18":{"start":{"line":56,"column":22},"end":{"line":56,"column":40}},"19":{"start":{"line":57,"column":6},"end":{"line":57,"column":25}},"20":{"start":{"line":60,"column":4},"end":{"line":60,"column":11}},"21":{"start":{"line":64,"column":4},"end":{"line":64,"column":11}},"22":{"start":{"line":79,"column":2},"end":{"line":98,"column":4}},"23":{"start":{"line":80,"column":4},"end":{"line":97,"column":5}},"24":{"start":{"line":82,"column":6},"end":{"line":84,"column":7}},"25":{"start":{"line":83,"column":8},"end":{"line":83,"column":62}},"26":{"start":{"line":87,"column":27},"end":{"line":87,"column":65}},"27":{"start":{"line":90,"column":6},"end":{"line":92,"column":7}},"28":{"start":{"line":91,"column":8},"end":{"line":91,"column":59}},"29":{"start":{"line":94,"column":6},"end":{"line":94,"column":13}},"30":{"start":{"line":96,"column":6},"end":{"line":96,"column":18}},"31":{"start":{"line":109,"column":2},"end":{"line":109,"column":39}},"32":{"start":{"line":122,"column":2},"end":{"line":139,"column":4}},"33":{"start":{"line":123,"column":4},"end":{"line":138,"column":5}},"34":{"start":{"line":124,"column":6},"end":{"line":126,"column":7}},"35":{"start":{"line":125,"column":8},"end":{"line":125,"column":62}},"36":{"start":{"line":128,"column":27},"end":{"line":128,"column":64}},"37":{"start":{"line":131,"column":6},"end":{"line":135,"column":7}},"38":{"start":{"line":132,"column":8},"end":{"line":132,"column":15}},"39":{"start":{"line":134,"column":8},"end":{"line":134,"column":59}},"40":{"start":{"line":137,"column":6},"end":{"line":137,"column":18}}},"fnMap":{"0":{"name":"authenticate","decl":{"start":{"line":23,"column":16},"end":{"line":23,"column":28}},"loc":{"start":{"line":23,"column":77},"end":{"line":42,"column":1}}},"1":{"name":"optionalAuthenticate","decl":{"start":{"line":51,"column":16},"end":{"line":51,"column":36}},"loc":{"start":{"line":51,"column":85},"end":{"line":66,"column":1}}},"2":{"name":"requireRole","decl":{"start":{"line":78,"column":16},"end":{"line":78,"column":27}},"loc":{"start":{"line":78,"column":77},"end":{"line":99,"column":1}}},"3":{"name":"(anonymous_3)","decl":{"start":{"line":79,"column":9},"end":{"line":79,"column":10}},"loc":{"start":{"line":79,"column":68},"end":{"line":98,"column":3}}},"4":{"name":"requireAdmin","decl":{"start":{"line":108,"column":16},"end":{"line":108,"column":28}},"loc":{"start":{"line":108,"column":76},"end":{"line":110,"column":1}}},"5":{"name":"requireSelfOrAdmin","decl":{"start":{"line":121,"column":16},"end":{"line":121,"column":34}},"loc":{"start":{"line":121,"column":65},"end":{"line":140,"column":1}}},"6":{"name":"(anonymous_6)","decl":{"start":{"line":122,"column":9},"end":{"line":122,"column":10}},"loc":{"start":{"line":122,"column":68},"end":{"line":139,"column":3}}}},"branchMap":{"0":{"loc":{"start":{"line":28,"column":4},"end":{"line":30,"column":5}},"type":"if","locations":[{"start":{"line":28,"column":4},"end":{"line":30,"column":5}}]},"1":{"loc":{"start":{"line":55,"column":4},"end":{"line":58,"column":5}},"type":"if","locations":[{"start":{"line":55,"column":4},"end":{"line":58,"column":5}}]},"2":{"loc":{"start":{"line":82,"column":6},"end":{"line":84,"column":7}},"type":"if","locations":[{"start":{"line":82,"column":6},"end":{"line":84,"column":7}}]},"3":{"loc":{"start":{"line":87,"column":27},"end":{"line":87,"column":65}},"type":"cond-expr","locations":[{"start":{"line":87,"column":50},"end":{"line":87,"column":55}},{"start":{"line":87,"column":58},"end":{"line":87,"column":65}}]},"4":{"loc":{"start":{"line":90,"column":6},"end":{"line":92,"column":7}},"type":"if","locations":[{"start":{"line":90,"column":6},"end":{"line":92,"column":7}}]},"5":{"loc":{"start":{"line":121,"column":35},"end":{"line":121,"column":65}},"type":"default-arg","locations":[{"start":{"line":121,"column":57},"end":{"line":121,"column":65}}]},"6":{"loc":{"start":{"line":124,"column":6},"end":{"line":126,"column":7}},"type":"if","locations":[{"start":{"line":124,"column":6},"end":{"line":126,"column":7}}]},"7":{"loc":{"start":{"line":131,"column":6},"end":{"line":135,"column":7}},"type":"if","locations":[{"start":{"line":131,"column":6},"end":{"line":135,"column":7}},{"start":{"line":133,"column":13},"end":{"line":135,"column":7}}]},"8":{"loc":{"start":{"line":131,"column":10},"end":{"line":131,"column":71}},"type":"binary-expr","locations":[{"start":{"line":131,"column":10},"end":{"line":131,"column":35}},{"start":{"line":131,"column":39},"end":{"line":131,"column":71}}]}},"s":{"0":1,"1":1,"2":1,"3":1,"4":1,"5":1,"6":1,"7":6,"8":6,"9":6,"10":2,"11":4,"12":3,"13":3,"14":3,"15":3,"16":3,"17":3,"18":2,"19":1,"20":2,"21":1,"22":6,"23":6,"24":6,"25":1,"26":5,"27":5,"28":2,"29":3,"30":3,"31":2,"32":5,"33":5,"34":5,"35":1,"36":4,"37":4,"38":3,"39":1,"40":2},"f":{"0":6,"1":3,"2":6,"3":6,"4":2,"5":5,"6":5},"b":{"0":[2],"1":[2],"2":[1],"3":[1,4],"4":[2],"5":[1],"6":[1],"7":[3,1],"8":[4,3]}}
,"G:\\CODE\\PYTHON\\d3\\backend\\src\\middleware\\errorHandler.ts": {"path":"G:\\CODE\\PYTHON\\d3\\backend\\src\\middleware\\errorHandler.ts","statementMap":{"0":{"start":{"line":2,"column":0},"end":{"line":2,"column":40}},"1":{"start":{"line":3,"column":0},"end":{"line":3,"column":37}},"2":{"start":{"line":15,"column":4},"end":{"line":15,"column":19}},"3":{"start":{"line":10,"column":11},"end":{"line":10,"column":29}},"4":{"start":{"line":11,"column":11},"end":{"line":11,"column":23}},"5":{"start":{"line":13,"column":11},"end":{"line":13,"column":24}},"6":{"start":{"line":16,"column":4},"end":{"line":16,"column":27}},"7":{"start":{"line":17,"column":4},"end":{"line":17,"column":52}},"8":{"start":{"line":8,"column":0},"end":{"line":8,"column":13}},"9":{"start":{"line":38,"column":28},"end":{"line":194,"column":1}},"10":{"start":{"line":45,"column":20},"end":{"line":45,"column":80}},"11":{"start":{"line":48,"column":2},"end":{"line":56,"column":5}},"12":{"start":{"line":59,"column":2},"end":{"line":70,"column":3}},"13":{"start":{"line":60,"column":36},"end":{"line":67,"column":6}},"14":{"start":{"line":68,"column":4},"end":{"line":68,"column":46}},"15":{"start":{"line":69,"column":4},"end":{"line":69,"column":11}},"16":{"start":{"line":73,"column":2},"end":{"line":115,"column":3}},"17":{"start":{"line":74,"column":21},"end":{"line":74,"column":24}},"18":{"start":{"line":75,"column":15},"end":{"line":75,"column":31}},"19":{"start":{"line":76,"column":18},"end":{"line":76,"column":45}},"20":{"start":{"line":77,"column":23},"end":{"line":77,"column":32}},"21":{"start":{"line":79,"column":4},"end":{"line":107,"column":5}},"22":{"start":{"line":82,"column":8},"end":{"line":82,"column":33}},"23":{"start":{"line":83,"column":8},"end":{"line":83,"column":60}},"24":{"start":{"line":84,"column":8},"end":{"line":84,"column":46}},"25":{"start":{"line":85,"column":8},"end":{"line":85,"column":14}},"26":{"start":{"line":88,"column":8},"end":{"line":88,"column":25}},"27":{"start":{"line":89,"column":8},"end":{"line":89,"column":27}},"28":{"start":{"line":90,"column":8},"end":{"line":90,"column":57}},"29":{"start":{"line":91,"column":8},"end":{"line":91,"column":14}},"30":{"start":{"line":94,"column":8},"end":{"line":94,"column":35}},"31":{"start":{"line":95,"column":8},"end":{"line":95,"column":50}},"32":{"start":{"line":96,"column":8},"end":{"line":96,"column":50}},"33":{"start":{"line":97,"column":8},"end":{"line":97,"column":14}},"34":{"start":{"line":100,"column":8},"end":{"line":100,"column":28}},"35":{"start":{"line":101,"column":8},"end":{"line":101,"column":47}},"36":{"start":{"line":102,"column":8},"end":{"line":102,"column":14}},"37":{"start":{"line":104,"column":8},"end":{"line":106,"column":24}},"38":{"start":{"line":109,"column":36},"end":{"line":112,"column":6}},"39":{"start":{"line":113,"column":4},"end":{"line":113,"column":42}},"40":{"start":{"line":114,"column":4},"end":{"line":114,"column":11}},"41":{"start":{"line":118,"column":2},"end":{"line":129,"column":3}},"42":{"start":{"line":119,"column":36},"end":{"line":126,"column":6}},"43":{"start":{"line":127,"column":4},"end":{"line":127,"column":35}},"44":{"start":{"line":128,"column":4},"end":{"line":128,"column":11}},"45":{"start":{"line":132,"column":2},"end":{"line":142,"column":3}},"46":{"start":{"line":133,"column":36},"end":{"line":139,"column":6}},"47":{"start":{"line":140,"column":4},"end":{"line":140,"column":35}},"48":{"start":{"line":141,"column":4},"end":{"line":141,"column":11}},"49":{"start":{"line":144,"column":2},"end":{"line":154,"column":3}},"50":{"start":{"line":145,"column":36},"end":{"line":151,"column":6}},"51":{"start":{"line":152,"column":4},"end":{"line":152,"column":35}},"52":{"start":{"line":153,"column":4},"end":{"line":153,"column":11}},"53":{"start":{"line":157,"column":2},"end":{"line":167,"column":3}},"54":{"start":{"line":158,"column":36},"end":{"line":164,"column":6}},"55":{"start":{"line":165,"column":4},"end":{"line":165,"column":35}},"56":{"start":{"line":166,"column":4},"end":{"line":166,"column":11}},"57":{"start":{"line":170,"column":2},"end":{"line":180,"column":3}},"58":{"start":{"line":171,"column":36},"end":{"line":177,"column":6}},"59":{"start":{"line":178,"column":4},"end":{"line":178,"column":35}},"60":{"start":{"line":179,"column":4},"end":{"line":179,"column":11}},"61":{"start":{"line":183,"column":34},"end":{"line":192,"column":4}},"62":{"start":{"line":193,"column":2},"end":{"line":193,"column":33}},"63":{"start":{"line":38,"column":13},"end":{"line":38,"column":28}},"64":{"start":{"line":200,"column":28},"end":{"line":204,"column":1}},"65":{"start":{"line":201,"column":2},"end":{"line":203,"column":4}},"66":{"start":{"line":202,"column":4},"end":{"line":202,"column":52}},"67":{"start":{"line":200,"column":13},"end":{"line":200,"column":28}},"68":{"start":{"line":210,"column":31},"end":{"line":219,"column":1}},"69":{"start":{"line":211,"column":34},"end":{"line":217,"column":4}},"70":{"start":{"line":218,"column":2},"end":{"line":218,"column":33}},"71":{"start":{"line":210,"column":13},"end":{"line":210,"column":31}}},"fnMap":{"0":{"name":"(anonymous_1)","decl":{"start":{"line":9,"column":2},"end":{"line":9,"column":null}},"loc":{"start":{"line":13,"column":24},"end":{"line":18,"column":3}}},"1":{"name":"(anonymous_2)","decl":{"start":{"line":38,"column":28},"end":{"line":38,"column":null}},"loc":{"start":{"line":43,"column":10},"end":{"line":194,"column":1}}},"2":{"name":"(anonymous_3)","decl":{"start":{"line":200,"column":28},"end":{"line":200,"column":29}},"loc":{"start":{"line":200,"column":45},"end":{"line":204,"column":1}}},"3":{"name":"(anonymous_4)","decl":{"start":{"line":201,"column":9},"end":{"line":201,"column":10}},"loc":{"start":{"line":201,"column":61},"end":{"line":203,"column":3}}},"4":{"name":"(anonymous_5)","decl":{"start":{"line":210,"column":31},"end":{"line":210,"column":32}},"loc":{"start":{"line":210,"column":69},"end":{"line":219,"column":1}}}},"branchMap":{"0":{"loc":{"start":{"line":45,"column":20},"end":{"line":45,"column":80}},"type":"binary-expr","locations":[{"start":{"line":45,"column":20},"end":{"line":45,"column":57}},{"start":{"line":45,"column":61},"end":{"line":45,"column":80}}]},"1":{"loc":{"start":{"line":59,"column":2},"end":{"line":70,"column":3}},"type":"if","locations":[{"start":{"line":59,"column":2},"end":{"line":70,"column":3}}]},"2":{"loc":{"start":{"line":73,"column":2},"end":{"line":115,"column":3}},"type":"if","locations":[{"start":{"line":73,"column":2},"end":{"line":115,"column":3}}]},"3":{"loc":{"start":{"line":79,"column":4},"end":{"line":107,"column":5}},"type":"switch","locations":[{"start":{"line":80,"column":6},"end":{"line":85,"column":14}},{"start":{"line":86,"column":6},"end":{"line":91,"column":14}},{"start":{"line":92,"column":6},"end":{"line":97,"column":14}},{"start":{"line":98,"column":6},"end":{"line":102,"column":14}},{"start":{"line":103,"column":6},"end":{"line":106,"column":24}}]},"4":{"loc":{"start":{"line":104,"column":18},"end":{"line":106,"column":23}},"type":"cond-expr","locations":[{"start":{"line":105,"column":12},"end":{"line":105,"column":39}},{"start":{"line":106,"column":12},"end":{"line":106,"column":23}}]},"5":{"loc":{"start":{"line":118,"column":2},"end":{"line":129,"column":3}},"type":"if","locations":[{"start":{"line":118,"column":2},"end":{"line":129,"column":3}}]},"6":{"loc":{"start":{"line":124,"column":17},"end":{"line":124,"column":80}},"type":"cond-expr","locations":[{"start":{"line":124,"column":57},"end":{"line":124,"column":66}},{"start":{"line":124,"column":69},"end":{"line":124,"column":80}}]},"7":{"loc":{"start":{"line":132,"column":2},"end":{"line":142,"column":3}},"type":"if","locations":[{"start":{"line":132,"column":2},"end":{"line":142,"column":3}}]},"8":{"loc":{"start":{"line":144,"column":2},"end":{"line":154,"column":3}},"type":"if","locations":[{"start":{"line":144,"column":2},"end":{"line":154,"column":3}}]},"9":{"loc":{"start":{"line":157,"column":2},"end":{"line":167,"column":3}},"type":"if","locations":[{"start":{"line":157,"column":2},"end":{"line":167,"column":3}}]},"10":{"loc":{"start":{"line":170,"column":2},"end":{"line":180,"column":3}},"type":"if","locations":[{"start":{"line":170,"column":2},"end":{"line":180,"column":3}}]},"11":{"loc":{"start":{"line":170,"column":6},"end":{"line":170,"column":49}},"type":"binary-expr","locations":[{"start":{"line":170,"column":6},"end":{"line":170,"column":32}},{"start":{"line":170,"column":36},"end":{"line":170,"column":49}}]},"12":{"loc":{"start":{"line":187,"column":15},"end":{"line":189,"column":21}},"type":"cond-expr","locations":[{"start":{"line":188,"column":10},"end":{"line":188,"column":45}},{"start":{"line":189,"column":10},"end":{"line":189,"column":21}}]}},"s":{"0":2,"1":2,"2":15,"3":15,"4":15,"5":15,"6":15,"7":15,"8":2,"9":2,"10":0,"11":0,"12":0,"13":0,"14":0,"15":0,"16":0,"17":0,"18":0,"19":0,"20":0,"21":0,"22":0,"23":0,"24":0,"25":0,"26":0,"27":0,"28":0,"29":0,"30":0,"31":0,"32":0,"33":0,"34":0,"35":0,"36":0,"37":0,"38":0,"39":0,"40":0,"41":0,"42":0,"43":0,"44":0,"45":0,"46":0,"47":0,"48":0,"49":0,"50":0,"51":0,"52":0,"53":0,"54":0,"55":0,"56":0,"57":0,"58":0,"59":0,"60":0,"61":0,"62":0,"63":2,"64":2,"65":0,"66":0,"67":2,"68":2,"69":0,"70":0,"71":2},"f":{"0":15,"1":0,"2":0,"3":0,"4":0},"b":{"0":[0,0],"1":[0],"2":[0],"3":[0,0,0,0,0],"4":[0,0],"5":[0],"6":[0,0],"7":[0],"8":[0],"9":[0],"10":[0],"11":[0,0],"12":[0,0]}}
,"G:\\CODE\\PYTHON\\d3\\backend\\src\\middleware\\requestLogger.ts": {"path":"G:\\CODE\\PYTHON\\d3\\backend\\src\\middleware\\requestLogger.ts","statementMap":{"0":{"start":{"line":1,"column":0},"end":{"line":1,"column":28}},"1":{"start":{"line":2,"column":0},"end":{"line":2,"column":41}},"2":{"start":{"line":10,"column":0},"end":{"line":13,"column":3}},"3":{"start":{"line":11,"column":23},"end":{"line":11,"column":55}},"4":{"start":{"line":12,"column":2},"end":{"line":12,"column":50}},"5":{"start":{"line":16,"column":18},"end":{"line":16,"column":81}},"6":{"start":{"line":19,"column":19},"end":{"line":27,"column":2}},"7":{"start":{"line":30,"column":15},"end":{"line":30,"column":77}},"8":{"start":{"line":33,"column":13},"end":{"line":37,"column":3}},"9":{"start":{"line":36,"column":17},"end":{"line":36,"column":38}}},"fnMap":{"0":{"name":"(anonymous_1)","decl":{"start":{"line":10,"column":33},"end":{"line":10,"column":34}},"loc":{"start":{"line":10,"column":47},"end":{"line":13,"column":1}}},"1":{"name":"(anonymous_2)","decl":{"start":{"line":36,"column":8},"end":{"line":36,"column":9}},"loc":{"start":{"line":36,"column":17},"end":{"line":36,"column":38}}}},"branchMap":{"0":{"loc":{"start":{"line":12,"column":9},"end":{"line":12,"column":49}},"type":"cond-expr","locations":[{"start":{"line":12,"column":24},"end":{"line":12,"column":43}},{"start":{"line":12,"column":46},"end":{"line":12,"column":49}}]},"1":{"loc":{"start":{"line":30,"column":15},"end":{"line":30,"column":77}},"type":"cond-expr","locations":[{"start":{"line":30,"column":55},"end":{"line":30,"column":65}},{"start":{"line":30,"column":68},"end":{"line":30,"column":77}}]}},"s":{"0":0,"1":0,"2":0,"3":0,"4":0,"5":0,"6":0,"7":0,"8":0,"9":0},"f":{"0":0,"1":0},"b":{"0":[0,0],"1":[0,0]}}
,"G:\\CODE\\PYTHON\\d3\\backend\\src\\utils\\jwt.ts": {"path":"G:\\CODE\\PYTHON\\d3\\backend\\src\\utils\\jwt.ts","statementMap":{"0":{"start":{"line":25,"column":0},"end":{"line":25,"column":16}},"1":{"start":{"line":45,"column":0},"end":{"line":45,"column":16}},"2":{"start":{"line":65,"column":0},"end":{"line":65,"column":16}},"3":{"start":{"line":84,"column":0},"end":{"line":84,"column":16}},"4":{"start":{"line":1,"column":0},"end":{"line":1,"column":31}},"5":{"start":{"line":2,"column":0},"end":{"line":2,"column":54}},"6":{"start":{"line":17,"column":19},"end":{"line":17,"column":82}},"7":{"start":{"line":18,"column":23},"end":{"line":18,"column":58}},"8":{"start":{"line":26,"column":2},"end":{"line":28,"column":3}},"9":{"start":{"line":27,"column":4},"end":{"line":27,"column":92}},"10":{"start":{"line":30,"column":2},"end":{"line":36,"column":4}},"11":{"start":{"line":46,"column":2},"end":{"line":57,"column":3}},"12":{"start":{"line":47,"column":20},"end":{"line":47,"column":65}},"13":{"start":{"line":48,"column":4},"end":{"line":48,"column":19}},"14":{"start":{"line":50,"column":4},"end":{"line":52,"column":5}},"15":{"start":{"line":51,"column":6},"end":{"line":51,"column":66}},"16":{"start":{"line":53,"column":4},"end":{"line":55,"column":5}},"17":{"start":{"line":54,"column":6},"end":{"line":54,"column":59}},"18":{"start":{"line":56,"column":4},"end":{"line":56,"column":52}},"19":{"start":{"line":66,"column":2},"end":{"line":68,"column":3}},"20":{"start":{"line":67,"column":4},"end":{"line":67,"column":16}},"21":{"start":{"line":71,"column":16},"end":{"line":71,"column":37}},"22":{"start":{"line":72,"column":2},"end":{"line":74,"column":3}},"23":{"start":{"line":73,"column":4},"end":{"line":73,"column":16}},"24":{"start":{"line":76,"column":2},"end":{"line":76,"column":18}},"25":{"start":{"line":85,"column":18},"end":{"line":85,"column":36}},"26":{"start":{"line":88,"column":2},"end":{"line":93,"column":5}}},"fnMap":{"0":{"name":"generateToken","decl":{"start":{"line":25,"column":16},"end":{"line":25,"column":29}},"loc":{"start":{"line":25,"column":51},"end":{"line":37,"column":1}}},"1":{"name":"verifyToken","decl":{"start":{"line":45,"column":16},"end":{"line":45,"column":27}},"loc":{"start":{"line":45,"column":41},"end":{"line":58,"column":1}}},"2":{"name":"extractTokenFromHeader","decl":{"start":{"line":65,"column":16},"end":{"line":65,"column":38}},"loc":{"start":{"line":65,"column":69},"end":{"line":77,"column":1}}},"3":{"name":"refreshToken","decl":{"start":{"line":84,"column":16},"end":{"line":84,"column":28}},"loc":{"start":{"line":84,"column":42},"end":{"line":94,"column":1}}}},"branchMap":{"0":{"loc":{"start":{"line":17,"column":19},"end":{"line":17,"column":82}},"type":"binary-expr","locations":[{"start":{"line":17,"column":19},"end":{"line":17,"column":41}},{"start":{"line":17,"column":45},"end":{"line":17,"column":82}}]},"1":{"loc":{"start":{"line":18,"column":23},"end":{"line":18,"column":58}},"type":"binary-expr","locations":[{"start":{"line":18,"column":23},"end":{"line":18,"column":49}},{"start":{"line":18,"column":53},"end":{"line":18,"column":58}}]},"2":{"loc":{"start":{"line":26,"column":2},"end":{"line":28,"column":3}},"type":"if","locations":[{"start":{"line":26,"column":2},"end":{"line":28,"column":3}}]},"3":{"loc":{"start":{"line":26,"column":6},"end":{"line":26,"column":73}},"type":"binary-expr","locations":[{"start":{"line":26,"column":6},"end":{"line":26,"column":17}},{"start":{"line":26,"column":21},"end":{"line":26,"column":73}}]},"4":{"loc":{"start":{"line":50,"column":4},"end":{"line":52,"column":5}},"type":"if","locations":[{"start":{"line":50,"column":4},"end":{"line":52,"column":5}}]},"5":{"loc":{"start":{"line":53,"column":4},"end":{"line":55,"column":5}},"type":"if","locations":[{"start":{"line":53,"column":4},"end":{"line":55,"column":5}}]},"6":{"loc":{"start":{"line":66,"column":2},"end":{"line":68,"column":3}},"type":"if","locations":[{"start":{"line":66,"column":2},"end":{"line":68,"column":3}}]},"7":{"loc":{"start":{"line":72,"column":2},"end":{"line":74,"column":3}},"type":"if","locations":[{"start":{"line":72,"column":2},"end":{"line":74,"column":3}}]},"8":{"loc":{"start":{"line":72,"column":6},"end":{"line":72,"column":49}},"type":"binary-expr","locations":[{"start":{"line":72,"column":6},"end":{"line":72,"column":24}},{"start":{"line":72,"column":28},"end":{"line":72,"column":49}}]}},"s":{"0":2,"1":2,"2":2,"3":2,"4":2,"5":2,"6":2,"7":2,"8":13,"9":0,"10":13,"11":17,"12":17,"13":9,"14":8,"15":2,"16":6,"17":6,"18":0,"19":15,"20":4,"21":11,"22":11,"23":4,"24":7,"25":3,"26":2},"f":{"0":13,"1":17,"2":15,"3":3},"b":{"0":[2,0],"1":[2,0],"2":[0],"3":[13,13],"4":[2],"5":[6],"6":[4],"7":[4],"8":[11,9]}}
,"G:\\CODE\\PYTHON\\d3\\backend\\src\\utils\\logger.ts": {"path":"G:\\CODE\\PYTHON\\d3\\backend\\src\\utils\\logger.ts","statementMap":{"0":{"start":{"line":1,"column":0},"end":{"line":1,"column":30}},"1":{"start":{"line":2,"column":0},"end":{"line":2,"column":24}},"2":{"start":{"line":5,"column":15},"end":{"line":11,"column":2}},"3":{"start":{"line":14,"column":15},"end":{"line":20,"column":2}},"4":{"start":{"line":23,"column":0},"end":{"line":23,"column":26}},"5":{"start":{"line":26,"column":15},"end":{"line":30,"column":null}},"6":{"start":{"line":34,"column":22},"end":{"line":39,"column":null}},"7":{"start":{"line":38,"column":14},"end":{"line":38,"column":102}},"8":{"start":{"line":43,"column":40},"end":{"line":57,"column":2}},"9":{"start":{"line":60,"column":0},"end":{"line":66,"column":1}},"10":{"start":{"line":61,"column":2},"end":{"line":65,"column":4}},"11":{"start":{"line":69,"column":15},"end":{"line":75,"column":2}},"12":{"start":{"line":78,"column":13},"end":{"line":82,"column":2}},"13":{"start":{"line":80,"column":4},"end":{"line":80,"column":32}},"14":{"start":{"line":84,"column":0},"end":{"line":84,"column":22}}},"fnMap":{"0":{"name":"(anonymous_1)","decl":{"start":{"line":38,"column":4},"end":{"line":38,"column":5}},"loc":{"start":{"line":38,"column":14},"end":{"line":38,"column":102}}},"1":{"name":"(anonymous_2)","decl":{"start":{"line":79,"column":9},"end":{"line":79,"column":10}},"loc":{"start":{"line":79,"column":29},"end":{"line":81,"column":3}}}},"branchMap":{"0":{"loc":{"start":{"line":38,"column":65},"end":{"line":38,"column":100}},"type":"cond-expr","locations":[{"start":{"line":38,"column":78},"end":{"line":38,"column":95}},{"start":{"line":38,"column":98},"end":{"line":38,"column":100}}]},"1":{"loc":{"start":{"line":60,"column":0},"end":{"line":66,"column":1}},"type":"if","locations":[{"start":{"line":60,"column":0},"end":{"line":66,"column":1}}]},"2":{"loc":{"start":{"line":70,"column":9},"end":{"line":70,"column":40}},"type":"binary-expr","locations":[{"start":{"line":70,"column":9},"end":{"line":70,"column":30}},{"start":{"line":70,"column":34},"end":{"line":70,"column":40}}]}},"s":{"0":2,"1":2,"2":2,"3":2,"4":2,"5":2,"6":2,"7":0,"8":2,"9":2,"10":2,"11":2,"12":2,"13":0,"14":2},"f":{"0":0,"1":0},"b":{"0":[0,0],"1":[2],"2":[2,0]}}
}
