TN:
SF:src\index.ts
FN:44,(anonymous_1)
FN:60,(anonymous_2)
FN:73,(anonymous_3)
FN:97,(anonymous_4)
FN:107,(anonymous_5)
FN:115,(anonymous_6)
FN:118,(anonymous_7)
FN:124,(anonymous_8)
FN:127,(anonymous_9)
FNF:9
FNH:0
FNDA:0,(anonymous_1)
FNDA:0,(anonymous_2)
FNDA:0,(anonymous_3)
FNDA:0,(anonymous_4)
FNDA:0,(anonymous_5)
FNDA:0,(anonymous_6)
FNDA:0,(anonymous_7)
FNDA:0,(anonymous_8)
FNDA:0,(anonymous_9)
DA:1,0
DA:2,0
DA:3,0
DA:4,0
DA:5,0
DA:6,0
DA:7,0
DA:8,0
DA:11,0
DA:13,0
DA:14,0
DA:17,0
DA:20,0
DA:33,0
DA:41,0
DA:45,0
DA:46,0
DA:48,0
DA:53,0
DA:54,0
DA:57,0
DA:60,0
DA:61,0
DA:73,0
DA:74,0
DA:91,0
DA:94,0
DA:97,0
DA:98,0
DA:100,0
DA:103,0
DA:104,0
DA:107,0
DA:108,0
DA:109,0
DA:110,0
DA:111,0
DA:115,0
DA:116,0
DA:118,0
DA:119,0
DA:124,0
DA:125,0
DA:127,0
DA:128,0
DA:132,0
LF:46
LH:0
BRDA:14,0,0,0
BRDA:14,0,1,0
BRDA:34,1,0,0
BRDA:34,1,1,0
BRDA:45,2,0,0
BRDA:67,3,0,0
BRDA:67,3,1,0
BRDA:109,4,0,0
BRDA:109,4,1,0
BRF:9
BRH:0
end_of_record
TN:
SF:src\middleware\auth.ts
FN:23,authenticate
FN:51,optionalAuthenticate
FN:78,requireRole
FN:79,(anonymous_3)
FN:108,requireAdmin
FN:121,requireSelfOrAdmin
FN:122,(anonymous_6)
FNF:7
FNH:7
FNDA:6,authenticate
FNDA:3,optionalAuthenticate
FNDA:6,requireRole
FNDA:6,(anonymous_3)
FNDA:2,requireAdmin
FNDA:5,requireSelfOrAdmin
FNDA:5,(anonymous_6)
DA:2,1
DA:3,1
DA:23,1
DA:24,6
DA:26,6
DA:28,6
DA:29,2
DA:33,4
DA:36,3
DA:38,3
DA:40,3
DA:51,1
DA:52,3
DA:53,3
DA:55,3
DA:56,2
DA:57,1
DA:60,2
DA:64,1
DA:78,1
DA:79,6
DA:80,6
DA:82,6
DA:83,1
DA:87,5
DA:90,5
DA:91,2
DA:94,3
DA:96,3
DA:108,1
DA:109,2
DA:121,1
DA:122,5
DA:123,5
DA:124,5
DA:125,1
DA:128,4
DA:131,4
DA:132,3
DA:134,1
DA:137,2
LF:41
LH:41
BRDA:28,0,0,2
BRDA:55,1,0,2
BRDA:82,2,0,1
BRDA:87,3,0,1
BRDA:87,3,1,4
BRDA:90,4,0,2
BRDA:121,5,0,1
BRDA:124,6,0,1
BRDA:131,7,0,3
BRDA:131,7,1,1
BRDA:131,8,0,4
BRDA:131,8,1,3
BRF:12
BRH:12
end_of_record
TN:
SF:src\middleware\errorHandler.ts
FN:9,(anonymous_1)
FN:38,(anonymous_2)
FN:200,(anonymous_3)
FN:201,(anonymous_4)
FN:210,(anonymous_5)
FNF:5
FNH:1
FNDA:15,(anonymous_1)
FNDA:0,(anonymous_2)
FNDA:0,(anonymous_3)
FNDA:0,(anonymous_4)
FNDA:0,(anonymous_5)
DA:2,2
DA:3,2
DA:8,2
DA:10,15
DA:11,15
DA:13,15
DA:15,15
DA:16,15
DA:17,15
DA:38,2
DA:45,0
DA:48,0
DA:59,0
DA:60,0
DA:68,0
DA:69,0
DA:73,0
DA:74,0
DA:75,0
DA:76,0
DA:77,0
DA:79,0
DA:82,0
DA:83,0
DA:84,0
DA:85,0
DA:88,0
DA:89,0
DA:90,0
DA:91,0
DA:94,0
DA:95,0
DA:96,0
DA:97,0
DA:100,0
DA:101,0
DA:102,0
DA:104,0
DA:109,0
DA:113,0
DA:114,0
DA:118,0
DA:119,0
DA:127,0
DA:128,0
DA:132,0
DA:133,0
DA:140,0
DA:141,0
DA:144,0
DA:145,0
DA:152,0
DA:153,0
DA:157,0
DA:158,0
DA:165,0
DA:166,0
DA:170,0
DA:171,0
DA:178,0
DA:179,0
DA:183,0
DA:193,0
DA:200,2
DA:201,0
DA:202,0
DA:210,2
DA:211,0
DA:218,0
LF:69
LH:12
BRDA:45,0,0,0
BRDA:45,0,1,0
BRDA:59,1,0,0
BRDA:73,2,0,0
BRDA:79,3,0,0
BRDA:79,3,1,0
BRDA:79,3,2,0
BRDA:79,3,3,0
BRDA:79,3,4,0
BRDA:104,4,0,0
BRDA:104,4,1,0
BRDA:118,5,0,0
BRDA:124,6,0,0
BRDA:124,6,1,0
BRDA:132,7,0,0
BRDA:144,8,0,0
BRDA:157,9,0,0
BRDA:170,10,0,0
BRDA:170,11,0,0
BRDA:170,11,1,0
BRDA:187,12,0,0
BRDA:187,12,1,0
BRF:22
BRH:0
end_of_record
TN:
SF:src\middleware\requestLogger.ts
FN:10,(anonymous_1)
FN:36,(anonymous_2)
FNF:2
FNH:0
FNDA:0,(anonymous_1)
FNDA:0,(anonymous_2)
DA:1,0
DA:2,0
DA:10,0
DA:11,0
DA:12,0
DA:16,0
DA:19,0
DA:30,0
DA:33,0
DA:36,0
LF:10
LH:0
BRDA:12,0,0,0
BRDA:12,0,1,0
BRDA:30,1,0,0
BRDA:30,1,1,0
BRF:4
BRH:0
end_of_record
TN:
SF:src\utils\jwt.ts
FN:25,generateToken
FN:45,verifyToken
FN:65,extractTokenFromHeader
FN:84,refreshToken
FNF:4
FNH:4
FNDA:13,generateToken
FNDA:17,verifyToken
FNDA:15,extractTokenFromHeader
FNDA:3,refreshToken
DA:1,2
DA:2,2
DA:17,2
DA:18,2
DA:25,2
DA:26,13
DA:27,0
DA:30,13
DA:45,2
DA:46,17
DA:47,17
DA:48,9
DA:50,8
DA:51,2
DA:53,6
DA:54,6
DA:56,0
DA:65,2
DA:66,15
DA:67,4
DA:71,11
DA:72,11
DA:73,4
DA:76,7
DA:84,2
DA:85,3
DA:88,2
LF:27
LH:25
BRDA:17,0,0,2
BRDA:17,0,1,0
BRDA:18,1,0,2
BRDA:18,1,1,0
BRDA:26,2,0,0
BRDA:26,3,0,13
BRDA:26,3,1,13
BRDA:50,4,0,2
BRDA:53,5,0,6
BRDA:66,6,0,4
BRDA:72,7,0,4
BRDA:72,8,0,11
BRDA:72,8,1,9
BRF:13
BRH:10
end_of_record
TN:
SF:src\utils\logger.ts
FN:38,(anonymous_1)
FN:79,(anonymous_2)
FNF:2
FNH:0
FNDA:0,(anonymous_1)
FNDA:0,(anonymous_2)
DA:1,2
DA:2,2
DA:5,2
DA:14,2
DA:23,2
DA:26,2
DA:34,2
DA:38,0
DA:43,2
DA:60,2
DA:61,2
DA:69,2
DA:78,2
DA:80,0
DA:84,2
LF:15
LH:13
BRDA:38,0,0,0
BRDA:38,0,1,0
BRDA:60,1,0,2
BRDA:70,2,0,2
BRDA:70,2,1,0
BRF:5
BRH:2
end_of_record
